<?xml version="1.0" encoding="UTF-8"?>
<!-- Generated by org.testng.reporters.JUnitXMLReporter -->
<testsuite ignored="0" hostname="DESKTOP-DR4CLSD" failures="0" tests="3" name="ChromeTest" time="89.779" errors="0" timestamp="2026-09-10T13:33:05 IST">
  <testcase classname="testng.ParallelTesting" name="launchApp" time="43.096"/>
  <testcase classname="testng.ParallelTesting" name="login" time="30.69"/>
  <testcase classname="testng.ParallelTesting" name="tearDown" time="13.78"/>
</testsuite> <!-- ChromeTest -->
