<?xml version="1.0" encoding="UTF-8"?>
<!-- Generated by org.testng.reporters.JUnitXMLReporter -->
<testsuite ignored="0" hostname="DESKTOP-DR4CLSD" failures="0" tests="3" name="EdgeTest" time="91.087" errors="0" timestamp="2026-09-10T13:33:06 IST">
  <testcase classname="testng.ParallelTesting" name="launchApp" time="42.539"/>
  <testcase classname="testng.ParallelTesting" name="login" time="39.804"/>
  <testcase classname="testng.ParallelTesting" name="tearDown" time="7.193"/>
</testsuite> <!-- EdgeTest -->
