<?xml version="1.0" encoding="UTF-8"?>
<!-- Generated by org.testng.reporters.JUnitXMLReporter -->
<testsuite ignored="0" hostname="DESKTOP-DR4CLSD" failures="0" tests="3" name="FirefoxTest" time="142.923" errors="0" timestamp="2026-09-10T13:33:58 IST">
  <testcase classname="testng.ParallelTesting" name="launchApp" time="110.531"/>
  <testcase classname="testng.ParallelTesting" name="login" time="20.575"/>
  <testcase classname="testng.ParallelTesting" name="tearDown" time="10.465"/>
</testsuite> <!-- FirefoxTest -->
