<?xml version="1.0" encoding="UTF-8"?>
<testng-results ignored="0" total="2" passed="2" failed="0" skipped="0">
  <reporter-output>
  </reporter-output>
  <suite started-at="2026-09-19T21:20:49 IST" name="Suite" finished-at="2026-09-19T21:21:30 IST" duration-ms="40659">
    <groups>
    </groups>
    <test started-at="2026-09-19T21:20:49 IST" name="Test" finished-at="2026-09-19T21:21:30 IST" duration-ms="40659">
      <class name="testng.DataProviderDemo">
        <test-method is-config="true" signature="launchApp()[pri:0, instance:testng.DataProviderDemo@149e0f5d]" started-at="2026-09-19T21:18:31 IST" name="launchApp" finished-at="2026-09-19T21:20:49 IST" duration-ms="137845" status="PASS">
          <reporter-output>
          </reporter-output>
        </test-method> <!-- launchApp -->
        <test-method signature="login(java.lang.String,java.lang.String)[pri:0, instance:testng.DataProviderDemo@149e0f5d]" started-at="2026-09-19T21:20:49 IST" name="login" data-provider="loginTestData" finished-at="2026-09-19T21:21:00 IST" duration-ms="10360" status="PASS">
          <params>
            <param index="0">
              <value>
                <![CDATA[student1]]>
              </value>
            </param>
            <param index="1">
              <value>
                <![CDATA[Password321]]>
              </value>
            </param>
          </params>
          <reporter-output>
          </reporter-output>
        </test-method> <!-- login -->
        <test-method signature="login(java.lang.String,java.lang.String)[pri:0, instance:testng.DataProviderDemo@149e0f5d]" started-at="2026-09-19T21:21:00 IST" name="login" data-provider="loginTestData" finished-at="2026-09-19T21:21:30 IST" duration-ms="30113" status="PASS">
          <params>
            <param index="0">
              <value>
                <![CDATA[student]]>
              </value>
            </param>
            <param index="1">
              <value>
                <![CDATA[Password123]]>
              </value>
            </param>
          </params>
          <reporter-output>
          </reporter-output>
        </test-method> <!-- login -->
        <test-method is-config="true" signature="tearDown()[pri:0, instance:testng.DataProviderDemo@149e0f5d]" started-at="2026-09-19T21:21:30 IST" name="tearDown" finished-at="2026-09-19T21:21:32 IST" duration-ms="1767" status="PASS">
          <reporter-output>
          </reporter-output>
        </test-method> <!-- tearDown -->
      </class> <!-- testng.DataProviderDemo -->
    </test> <!-- Test -->
  </suite> <!-- Suite -->
</testng-results>
