<?xml version="1.0" encoding="UTF-8"?>
<!-- Generated by org.testng.reporters.JUnitReportReporter -->
<testsuite hostname="DESKTOP-DR4CLSD" failures="0" tests="9" name="testng.ParallelTesting" time="318.673" errors="0" timestamp="2026-09-10T13:33:59 IST" skipped="0">
  <testcase classname="testng.ParallelTesting" name="launchApp" time="110.531"/>
  <testcase classname="testng.ParallelTesting" name="launchApp" time="43.096"/>
  <testcase classname="testng.ParallelTesting" name="launchApp" time="42.539"/>
  <testcase classname="testng.ParallelTesting" name="login" time="39.804"/>
  <testcase classname="testng.ParallelTesting" name="login" time="30.690"/>
  <testcase classname="testng.ParallelTesting" name="login" time="20.575"/>
  <testcase classname="testng.ParallelTesting" name="tearDown" time="10.465"/>
  <testcase classname="testng.ParallelTesting" name="tearDown" time="7.193"/>
  <testcase classname="testng.ParallelTesting" name="tearDown" time="13.780"/>
</testsuite> <!-- testng.ParallelTesting -->
