<?xml version="1.0" encoding="UTF-8"?>
<!-- Generated by org.testng.reporters.JUnitReportReporter -->
<testsuite hostname="DESKTOP-DR4CLSD" failures="0" tests="3" name="testng.TestNGDemo" time="0.069" errors="0" timestamp="2026-08-13T14:36:51 IST" skipped="0">
  <testcase classname="testng.TestNGDemo" name="login" time="0.054"/>
  <testcase classname="testng.TestNGDemo" name="logout" time="0.006"/>
  <testcase classname="testng.TestNGDemo" name="applaunch" time="0.009"/>
</testsuite> <!-- testng.TestNGDemo -->
