<?xml version="1.0" encoding="UTF-8"?>
<!-- Generated by org.testng.reporters.JUnitReportReporter -->
<testsuite hostname="DESKTOP-DR4CLSD" failures="0" tests="5" name="testng.DependencyMethodsDemo" time="102.211" errors="0" timestamp="2026-09-08T14:44:51 IST" skipped="0">
  <testcase classname="testng.DependencyMethodsDemo" name="launchApp" time="78.062"/>
  <testcase classname="testng.DependencyMethodsDemo" name="verifyLogoDisplayed" time="0.245"/>
  <testcase classname="testng.DependencyMethodsDemo" name="login" time="6.887"/>
  <testcase classname="testng.DependencyMethodsDemo" name="verifyLoginSucessful" time="0.218"/>
  <testcase classname="testng.DependencyMethodsDemo" name="tearDown" time="16.799"/>
</testsuite> <!-- testng.DependencyMethodsDemo -->
